2020/04/02-04:11:53 [HikariPool-1 housekeeper] WARN  com.zaxxer.hikari.pool.HikariPool- HikariPool-1 - Thread starvation or clock leap detected (housekeeper delta=5h59m50s656ms274µs603ns).
 2020/04/02-09:10:15 [main] INFO  com.share.wxerp.WxerpApplication- Starting WxerpApplication on hello-PC with PID 5768 (D:\WXapp\web\wxerp\target\classes started by hello in D:\WXapp\web\wxerp)
 2020/04/02-09:10:15 [main] DEBUG com.share.wxerp.WxerpApplication- Running with Spring Boot v2.1.7.RELEASE, Spring v5.1.9.RELEASE
 2020/04/02-09:10:15 [main] INFO  com.share.wxerp.WxerpApplication- No active profile set, falling back to default profiles: default
 2020/04/02-09:10:57 [main] INFO  com.share.wxerp.config.ShiroConfig- advisorAutoProxyCreator()
 2020/04/02-09:10:57 [main] INFO  com.share.wxerp.config.ShiroConfig- securityManager()
 2020/04/02-09:11:07 [main] INFO  com.share.wxerp.config.ShiroConfig- myShiroRealm()
 2020/04/02-09:11:07 [main] INFO  com.share.wxerp.config.ShiroConfig- hashedCredentialsMatcher()
 2020/04/02-09:11:15 [main] INFO  com.share.wxerp.config.ShiroConfig- ShiroConfiguration.getEhCacheManager()
 2020/04/02-09:11:17 [main] INFO  com.share.wxerp.config.ShiroConfig- ShiroConfiguration.rememberMeManager()
 2020/04/02-09:11:17 [main] INFO  com.share.wxerp.config.ShiroConfig- ShiroConfiguration.rememberMeCookie()
 2020/04/02-09:11:17 [main] INFO  com.share.wxerp.config.ShiroConfig- ShiroConfiguration.shirFilter()
 2020/04/02-09:11:18 [main] INFO  com.share.wxerp.config.ShiroConfig- authorizationAttributeSourceAdvisor()
 2020/04/02-09:11:38 [main] INFO  com.share.wxerp.config.ShiroConfig- createSimpleMappingExceptionResolver()
 2020/04/02-09:11:58 [main] INFO  com.share.wxerp.WxerpApplication- Started WxerpApplication in 113.527 seconds (JVM running for 173.114)
 2020/04/02-10:14:58 [http-nio-8080-exec-1] INFO  com.share.wxerp.controller.UserControl- 进入UserControlalogin
 2020/04/02-10:14:58 [http-nio-8080-exec-1] INFO  com.share.wxerp.config.MyShiroRealm- 身份认证-->MyShiroRealm.doGetAuthenticationInfo()
 2020/04/02-10:14:59 [http-nio-8080-exec-1] DEBUG com.share.wxerp.mapper.UserMapper.selectOne- ==>  Preparing: SELECT uid,username,name,password,salt,state FROM ERP_user WHERE username = ? 
 2020/04/02-10:14:59 [http-nio-8080-exec-1] DEBUG com.share.wxerp.mapper.UserMapper.selectOne- ==> Parameters: admin(String)
 2020/04/02-10:15:00 [http-nio-8080-exec-1] TRACE com.share.wxerp.mapper.UserMapper.selectOne- <==    Columns: uid, username, name, password, salt, state
 2020/04/02-10:15:00 [http-nio-8080-exec-1] TRACE com.share.wxerp.mapper.UserMapper.selectOne- <==        Row: e9583a3d-39c1-44d2-b600-b89763da7a16, admin, 管理员, a3026ea7e4f35083b195354eccabc852, b9d11b3be25f5a1a7dc8ca04cd310b28, 1
 2020/04/02-10:15:00 [http-nio-8080-exec-1] DEBUG com.share.wxerp.mapper.UserMapper.selectOne- <==      Total: 1
 2020/04/02-10:15:00 [http-nio-8080-exec-1] INFO  com.share.wxerp.config.MyShiroRealm- 身份认证-->User{uid='e9583a3d-39c1-44d2-b600-b89763da7a16', username='admin', name='管理员', password='a3026ea7e4f35083b195354eccabc852', salt='b9d11b3be25f5a1a7dc8ca04cd310b28', state='1'}
 2020/04/02-10:15:00 [http-nio-8080-exec-1] INFO  com.share.wxerp.controller.UserControl- :com.share.wxerp.common.GlobalResult@186ffc0eIncorrectCredentialsException -- > 密码不正确：
 2020/04/02-10:15:05 [http-nio-8080-exec-10] INFO  com.share.wxerp.controller.UserControl- 进入UserControlalogin
 2020/04/02-10:15:06 [http-nio-8080-exec-10] INFO  com.share.wxerp.config.MyShiroRealm- 身份认证-->MyShiroRealm.doGetAuthenticationInfo()
 2020/04/02-10:15:06 [http-nio-8080-exec-10] DEBUG com.share.wxerp.mapper.UserMapper.selectOne- ==>  Preparing: SELECT uid,username,name,password,salt,state FROM ERP_user WHERE username = ? 
 2020/04/02-10:15:06 [http-nio-8080-exec-10] DEBUG com.share.wxerp.mapper.UserMapper.selectOne- ==> Parameters: admin(String)
 2020/04/02-10:15:06 [http-nio-8080-exec-10] TRACE com.share.wxerp.mapper.UserMapper.selectOne- <==    Columns: uid, username, name, password, salt, state
 2020/04/02-10:15:06 [http-nio-8080-exec-10] TRACE com.share.wxerp.mapper.UserMapper.selectOne- <==        Row: e9583a3d-39c1-44d2-b600-b89763da7a16, admin, 管理员, a3026ea7e4f35083b195354eccabc852, b9d11b3be25f5a1a7dc8ca04cd310b28, 1
 2020/04/02-10:15:06 [http-nio-8080-exec-10] DEBUG com.share.wxerp.mapper.UserMapper.selectOne- <==      Total: 1
 2020/04/02-10:15:06 [http-nio-8080-exec-10] INFO  com.share.wxerp.config.MyShiroRealm- 身份认证-->User{uid='e9583a3d-39c1-44d2-b600-b89763da7a16', username='admin', name='管理员', password='a3026ea7e4f35083b195354eccabc852', salt='b9d11b3be25f5a1a7dc8ca04cd310b28', state='1'}
 2020/04/02-10:15:06 [http-nio-8080-exec-10] INFO  com.share.wxerp.service.serviceImpl.RoleServiceImpl- 进入userService add:admin
 2020/04/02-10:15:06 [http-nio-8080-exec-10] DEBUG com.share.wxerp.mapper.UserMapper.selectOne- ==>  Preparing: SELECT uid,username,name,password,salt,state FROM ERP_user WHERE username = ? AND password = ? 
 2020/04/02-10:15:06 [http-nio-8080-exec-10] DEBUG com.share.wxerp.mapper.UserMapper.selectOne- ==> Parameters: admin(String), a3026ea7e4f35083b195354eccabc852(String)
 2020/04/02-10:15:06 [http-nio-8080-exec-10] TRACE com.share.wxerp.mapper.UserMapper.selectOne- <==    Columns: uid, username, name, password, salt, state
 2020/04/02-10:15:06 [http-nio-8080-exec-10] TRACE com.share.wxerp.mapper.UserMapper.selectOne- <==        Row: e9583a3d-39c1-44d2-b600-b89763da7a16, admin, 管理员, a3026ea7e4f35083b195354eccabc852, b9d11b3be25f5a1a7dc8ca04cd310b28, 1
 2020/04/02-10:15:06 [http-nio-8080-exec-10] DEBUG com.share.wxerp.mapper.UserMapper.selectOne- <==      Total: 1
 2020/04/02-10:15:06 [http-nio-8080-exec-10] INFO  com.share.wxerp.service.serviceImpl.RoleServiceImpl- userService add:用户查询成功
 2020/04/02-10:15:06 [http-nio-8080-exec-10] INFO  com.share.wxerp.controller.UserControl- :com.share.wxerp.common.GlobalResult@5e7bc1d7null
 2020/04/02-10:19:17 [http-nio-8080-exec-6] INFO  com.share.wxerp.controller.UserControl- 进入UserControlalogin
 2020/04/02-10:19:17 [http-nio-8080-exec-6] INFO  com.share.wxerp.config.MyShiroRealm- 身份认证-->MyShiroRealm.doGetAuthenticationInfo()
 2020/04/02-10:19:17 [http-nio-8080-exec-6] DEBUG com.share.wxerp.mapper.UserMapper.selectOne- ==>  Preparing: SELECT uid,username,name,password,salt,state FROM ERP_user WHERE username = ? 
 2020/04/02-10:19:17 [http-nio-8080-exec-6] DEBUG com.share.wxerp.mapper.UserMapper.selectOne- ==> Parameters: admin(String)
 2020/04/02-10:19:17 [http-nio-8080-exec-6] TRACE com.share.wxerp.mapper.UserMapper.selectOne- <==    Columns: uid, username, name, password, salt, state
 2020/04/02-10:19:17 [http-nio-8080-exec-6] TRACE com.share.wxerp.mapper.UserMapper.selectOne- <==        Row: e9583a3d-39c1-44d2-b600-b89763da7a16, admin, 管理员, a3026ea7e4f35083b195354eccabc852, b9d11b3be25f5a1a7dc8ca04cd310b28, 1
 2020/04/02-10:19:17 [http-nio-8080-exec-6] DEBUG com.share.wxerp.mapper.UserMapper.selectOne- <==      Total: 1
 2020/04/02-10:19:17 [http-nio-8080-exec-6] INFO  com.share.wxerp.config.MyShiroRealm- 身份认证-->User{uid='e9583a3d-39c1-44d2-b600-b89763da7a16', username='admin', name='管理员', password='a3026ea7e4f35083b195354eccabc852', salt='b9d11b3be25f5a1a7dc8ca04cd310b28', state='1'}
 2020/04/02-10:19:17 [http-nio-8080-exec-6] INFO  com.share.wxerp.service.serviceImpl.RoleServiceImpl- 进入userService add:admin
 2020/04/02-10:19:17 [http-nio-8080-exec-6] DEBUG com.share.wxerp.mapper.UserMapper.selectOne- ==>  Preparing: SELECT uid,username,name,password,salt,state FROM ERP_user WHERE username = ? AND password = ? 
 2020/04/02-10:19:17 [http-nio-8080-exec-6] DEBUG com.share.wxerp.mapper.UserMapper.selectOne- ==> Parameters: admin(String), a3026ea7e4f35083b195354eccabc852(String)
 2020/04/02-10:19:17 [http-nio-8080-exec-6] TRACE com.share.wxerp.mapper.UserMapper.selectOne- <==    Columns: uid, username, name, password, salt, state
 2020/04/02-10:19:17 [http-nio-8080-exec-6] TRACE com.share.wxerp.mapper.UserMapper.selectOne- <==        Row: e9583a3d-39c1-44d2-b600-b89763da7a16, admin, 管理员, a3026ea7e4f35083b195354eccabc852, b9d11b3be25f5a1a7dc8ca04cd310b28, 1
 2020/04/02-10:19:17 [http-nio-8080-exec-6] DEBUG com.share.wxerp.mapper.UserMapper.selectOne- <==      Total: 1
 2020/04/02-10:19:17 [http-nio-8080-exec-6] INFO  com.share.wxerp.service.serviceImpl.RoleServiceImpl- userService add:用户查询成功
 2020/04/02-10:19:17 [http-nio-8080-exec-6] INFO  com.share.wxerp.controller.UserControl- :com.share.wxerp.common.GlobalResult@37069d6null
 2020/04/02-10:25:53 [http-nio-8080-exec-9] INFO  com.share.wxerp.controller.UserControl- 进入UserControlalogin
 2020/04/02-10:25:53 [http-nio-8080-exec-9] INFO  com.share.wxerp.config.MyShiroRealm- 身份认证-->MyShiroRealm.doGetAuthenticationInfo()
 2020/04/02-10:25:53 [http-nio-8080-exec-9] DEBUG com.share.wxerp.mapper.UserMapper.selectOne- ==>  Preparing: SELECT uid,username,name,password,salt,state FROM ERP_user WHERE username = ? 
 2020/04/02-10:25:53 [http-nio-8080-exec-9] DEBUG com.share.wxerp.mapper.UserMapper.selectOne- ==> Parameters: admin(String)
 2020/04/02-10:25:53 [http-nio-8080-exec-9] TRACE com.share.wxerp.mapper.UserMapper.selectOne- <==    Columns: uid, username, name, password, salt, state
 2020/04/02-10:25:53 [http-nio-8080-exec-9] TRACE com.share.wxerp.mapper.UserMapper.selectOne- <==        Row: e9583a3d-39c1-44d2-b600-b89763da7a16, admin, 管理员, a3026ea7e4f35083b195354eccabc852, b9d11b3be25f5a1a7dc8ca04cd310b28, 1
 2020/04/02-10:25:53 [http-nio-8080-exec-9] DEBUG com.share.wxerp.mapper.UserMapper.selectOne- <==      Total: 1
 2020/04/02-10:25:53 [http-nio-8080-exec-9] INFO  com.share.wxerp.config.MyShiroRealm- 身份认证-->User{uid='e9583a3d-39c1-44d2-b600-b89763da7a16', username='admin', name='管理员', password='a3026ea7e4f35083b195354eccabc852', salt='b9d11b3be25f5a1a7dc8ca04cd310b28', state='1'}
 2020/04/02-10:25:53 [http-nio-8080-exec-9] INFO  com.share.wxerp.service.serviceImpl.RoleServiceImpl- 进入userService add:admin
 2020/04/02-10:25:53 [http-nio-8080-exec-9] DEBUG com.share.wxerp.mapper.UserMapper.selectOne- ==>  Preparing: SELECT uid,username,name,password,salt,state FROM ERP_user WHERE username = ? AND password = ? 
 2020/04/02-10:25:53 [http-nio-8080-exec-9] DEBUG com.share.wxerp.mapper.UserMapper.selectOne- ==> Parameters: admin(String), a3026ea7e4f35083b195354eccabc852(String)
 2020/04/02-10:25:53 [http-nio-8080-exec-9] TRACE com.share.wxerp.mapper.UserMapper.selectOne- <==    Columns: uid, username, name, password, salt, state
 2020/04/02-10:25:53 [http-nio-8080-exec-9] TRACE com.share.wxerp.mapper.UserMapper.selectOne- <==        Row: e9583a3d-39c1-44d2-b600-b89763da7a16, admin, 管理员, a3026ea7e4f35083b195354eccabc852, b9d11b3be25f5a1a7dc8ca04cd310b28, 1
 2020/04/02-10:25:53 [http-nio-8080-exec-9] DEBUG com.share.wxerp.mapper.UserMapper.selectOne- <==      Total: 1
 2020/04/02-10:25:53 [http-nio-8080-exec-9] INFO  com.share.wxerp.service.serviceImpl.RoleServiceImpl- userService add:用户查询成功
 2020/04/02-10:25:53 [http-nio-8080-exec-9] INFO  com.share.wxerp.controller.UserControl- :com.share.wxerp.common.GlobalResult@7a69db38null
 2020/04/02-10:28:11 [http-nio-8080-exec-5] INFO  com.share.wxerp.controller.UserControl- 进入UserControlalogin
 2020/04/02-10:28:11 [http-nio-8080-exec-5] INFO  com.share.wxerp.config.MyShiroRealm- 身份认证-->MyShiroRealm.doGetAuthenticationInfo()
 2020/04/02-10:28:11 [http-nio-8080-exec-5] DEBUG com.share.wxerp.mapper.UserMapper.selectOne- ==>  Preparing: SELECT uid,username,name,password,salt,state FROM ERP_user WHERE username = ? 
 2020/04/02-10:28:11 [http-nio-8080-exec-5] DEBUG com.share.wxerp.mapper.UserMapper.selectOne- ==> Parameters: admin(String)
 2020/04/02-10:28:11 [http-nio-8080-exec-5] TRACE com.share.wxerp.mapper.UserMapper.selectOne- <==    Columns: uid, username, name, password, salt, state
 2020/04/02-10:28:11 [http-nio-8080-exec-5] TRACE com.share.wxerp.mapper.UserMapper.selectOne- <==        Row: e9583a3d-39c1-44d2-b600-b89763da7a16, admin, 管理员, a3026ea7e4f35083b195354eccabc852, b9d11b3be25f5a1a7dc8ca04cd310b28, 1
 2020/04/02-10:28:11 [http-nio-8080-exec-5] DEBUG com.share.wxerp.mapper.UserMapper.selectOne- <==      Total: 1
 2020/04/02-10:28:11 [http-nio-8080-exec-5] INFO  com.share.wxerp.config.MyShiroRealm- 身份认证-->User{uid='e9583a3d-39c1-44d2-b600-b89763da7a16', username='admin', name='管理员', password='a3026ea7e4f35083b195354eccabc852', salt='b9d11b3be25f5a1a7dc8ca04cd310b28', state='1'}
 2020/04/02-10:28:11 [http-nio-8080-exec-5] INFO  com.share.wxerp.service.serviceImpl.RoleServiceImpl- 进入userService add:admin
 2020/04/02-10:28:11 [http-nio-8080-exec-5] DEBUG com.share.wxerp.mapper.UserMapper.selectOne- ==>  Preparing: SELECT uid,username,name,password,salt,state FROM ERP_user WHERE username = ? AND password = ? 
 2020/04/02-10:28:11 [http-nio-8080-exec-5] DEBUG com.share.wxerp.mapper.UserMapper.selectOne- ==> Parameters: admin(String), a3026ea7e4f35083b195354eccabc852(String)
 2020/04/02-10:28:11 [http-nio-8080-exec-5] TRACE com.share.wxerp.mapper.UserMapper.selectOne- <==    Columns: uid, username, name, password, salt, state
 2020/04/02-10:28:11 [http-nio-8080-exec-5] TRACE com.share.wxerp.mapper.UserMapper.selectOne- <==        Row: e9583a3d-39c1-44d2-b600-b89763da7a16, admin, 管理员, a3026ea7e4f35083b195354eccabc852, b9d11b3be25f5a1a7dc8ca04cd310b28, 1
 2020/04/02-10:28:11 [http-nio-8080-exec-5] DEBUG com.share.wxerp.mapper.UserMapper.selectOne- <==      Total: 1
 2020/04/02-10:28:11 [http-nio-8080-exec-5] INFO  com.share.wxerp.service.serviceImpl.RoleServiceImpl- userService add:用户查询成功
 2020/04/02-10:28:11 [http-nio-8080-exec-5] INFO  com.share.wxerp.controller.UserControl- :com.share.wxerp.common.GlobalResult@1612a238null
 2020/04/02-10:28:13 [http-nio-8080-exec-3] INFO  com.share.wxerp.controller.UserControl- 进入UserControlalogin
 2020/04/02-10:28:13 [http-nio-8080-exec-3] INFO  com.share.wxerp.config.MyShiroRealm- 身份认证-->MyShiroRealm.doGetAuthenticationInfo()
 2020/04/02-10:28:13 [http-nio-8080-exec-3] DEBUG com.share.wxerp.mapper.UserMapper.selectOne- ==>  Preparing: SELECT uid,username,name,password,salt,state FROM ERP_user 
 2020/04/02-10:28:13 [http-nio-8080-exec-3] DEBUG com.share.wxerp.mapper.UserMapper.selectOne- ==> Parameters: 
 2020/04/02-10:28:13 [http-nio-8080-exec-3] TRACE com.share.wxerp.mapper.UserMapper.selectOne- <==    Columns: uid, username, name, password, salt, state
 2020/04/02-10:28:13 [http-nio-8080-exec-3] TRACE com.share.wxerp.mapper.UserMapper.selectOne- <==        Row: 35bb725c-4b17-4603-9ae7-4f5bf3d00ced, public, 普通管理员, 3ba32b459519fb2ac45ee5bff271f96e, 276a29e77ea029fcf86cb27ad0fa2659, 1
 2020/04/02-10:28:13 [http-nio-8080-exec-3] TRACE com.share.wxerp.mapper.UserMapper.selectOne- <==        Row: 85f1b673-fee2-4c5c-85cb-c5ba987d13b4, student, 学员, b820d0b22d3811bc293af5629c63031f, 11f234722bbd2584c085e15e8885e6ef, 1
 2020/04/02-10:28:13 [http-nio-8080-exec-3] TRACE com.share.wxerp.mapper.UserMapper.selectOne- <==        Row: ba65c3bf-7f0b-47d5-9774-0660024672d0, sgt, 苏苏昂, 6430dd66d29d86016d0f82c4262f36cd, daca1cb6ef3ac7ddca4534d8f182ed04, 1
 2020/04/02-10:28:13 [http-nio-8080-exec-3] TRACE com.share.wxerp.mapper.UserMapper.selectOne- <==        Row: e9583a3d-39c1-44d2-b600-b89763da7a16, admin, 管理员, a3026ea7e4f35083b195354eccabc852, b9d11b3be25f5a1a7dc8ca04cd310b28, 1
 2020/04/02-10:28:13 [http-nio-8080-exec-3] DEBUG com.share.wxerp.mapper.UserMapper.selectOne- <==      Total: 4
 2020/04/02-10:28:13 [http-nio-8080-exec-3] WARN  org.apache.shiro.authc.AbstractAuthenticator- Authentication failed for token submission [org.apache.shiro.authc.UsernamePasswordToken - null, rememberMe=false].  Possible unexpected error? (Typical or expected login exceptions should extend from AuthenticationException).
 org.mybatis.spring.MyBatisSystemException: nested exception is org.apache.ibatis.exceptions.TooManyResultsException: Expected one result (or null) to be returned by selectOne(), but found: 4
	at org.mybatis.spring.MyBatisExceptionTranslator.translateExceptionIfPossible(MyBatisExceptionTranslator.java:77)
	at org.mybatis.spring.SqlSessionTemplate$SqlSessionInterceptor.invoke(SqlSessionTemplate.java:446)
	at com.sun.proxy.$Proxy56.selectOne(Unknown Source)
	at org.mybatis.spring.SqlSessionTemplate.selectOne(SqlSessionTemplate.java:166)
	at com.baomidou.mybatisplus.core.override.MybatisMapperMethod.execute(MybatisMapperMethod.java:89)
	at com.baomidou.mybatisplus.core.override.MybatisMapperProxy.invoke(MybatisMapperProxy.java:62)
	at com.sun.proxy.$Proxy60.selectOne(Unknown Source)
	at com.share.wxerp.config.MyShiroRealm.doGetAuthenticationInfo(MyShiroRealm.java:82)
	at org.apache.shiro.realm.AuthenticatingRealm.getAuthenticationInfo(AuthenticatingRealm.java:571)
	at org.apache.shiro.authc.pam.ModularRealmAuthenticator.doSingleRealmAuthentication(ModularRealmAuthenticator.java:180)
	at org.apache.shiro.authc.pam.ModularRealmAuthenticator.doAuthenticate(ModularRealmAuthenticator.java:267)
	at org.apache.shiro.authc.AbstractAuthenticator.authenticate(AbstractAuthenticator.java:198)
	at org.apache.shiro.mgt.AuthenticatingSecurityManager.authenticate(AuthenticatingSecurityManager.java:106)
	at org.apache.shiro.mgt.DefaultSecurityManager.login(DefaultSecurityManager.java:274)
	at org.apache.shiro.subject.support.DelegatingSubject.login(DelegatingSubject.java:260)
	at com.share.wxerp.controller.UserControl.loginAuth(UserControl.java:51)
	at com.share.wxerp.controller.UserControl$$FastClassBySpringCGLIB$$57554368.invoke(<generated>)
	at org.springframework.cglib.proxy.MethodProxy.invoke(MethodProxy.java:218)
	at org.springframework.aop.framework.CglibAopProxy$DynamicAdvisedInterceptor.intercept(CglibAopProxy.java:684)
	at com.share.wxerp.controller.UserControl$$EnhancerBySpringCGLIB$$fb0befb2.loginAuth(<generated>)
	at com.share.wxerp.controller.UserControl$$FastClassBySpringCGLIB$$57554368.invoke(<generated>)
	at org.springframework.cglib.proxy.MethodProxy.invoke(MethodProxy.java:218)
	at org.springframework.aop.framework.CglibAopProxy$DynamicAdvisedInterceptor.intercept(CglibAopProxy.java:684)
	at com.share.wxerp.controller.UserControl$$EnhancerBySpringCGLIB$$3a1b8640.loginAuth(<generated>)
	at sun.reflect.NativeMethodAccessorImpl.invoke0(Native Method)
	at sun.reflect.NativeMethodAccessorImpl.invoke(NativeMethodAccessorImpl.java:62)
	at sun.reflect.DelegatingMethodAccessorImpl.invoke(DelegatingMethodAccessorImpl.java:43)
	at java.lang.reflect.Method.invoke(Method.java:498)
	at org.springframework.web.method.support.InvocableHandlerMethod.doInvoke(InvocableHandlerMethod.java:190)
	at org.springframework.web.method.support.InvocableHandlerMethod.invokeForRequest(InvocableHandlerMethod.java:138)
	at org.springframework.web.servlet.mvc.method.annotation.ServletInvocableHandlerMethod.invokeAndHandle(ServletInvocableHandlerMethod.java:104)
	at org.springframework.web.servlet.mvc.method.annotation.RequestMappingHandlerAdapter.invokeHandlerMethod(RequestMappingHandlerAdapter.java:892)
	at org.springframework.web.servlet.mvc.method.annotation.RequestMappingHandlerAdapter.handleInternal(RequestMappingHandlerAdapter.java:797)
	at org.springframework.web.servlet.mvc.method.AbstractHandlerMethodAdapter.handle(AbstractHandlerMethodAdapter.java:87)
	at org.springframework.web.servlet.DispatcherServlet.doDispatch(DispatcherServlet.java:1039)
	at org.springframework.web.servlet.DispatcherServlet.doService(DispatcherServlet.java:942)
	at org.springframework.web.servlet.FrameworkServlet.processRequest(FrameworkServlet.java:1005)
	at org.springframework.web.servlet.FrameworkServlet.doPost(FrameworkServlet.java:908)
	at javax.servlet.http.HttpServlet.service(HttpServlet.java:660)
	at org.springframework.web.servlet.FrameworkServlet.service(FrameworkServlet.java:882)
	at javax.servlet.http.HttpServlet.service(HttpServlet.java:741)
	at org.apache.catalina.core.ApplicationFilterChain.internalDoFilter(ApplicationFilterChain.java:231)
	at org.apache.catalina.core.ApplicationFilterChain.doFilter(ApplicationFilterChain.java:166)
	at org.apache.tomcat.websocket.server.WsFilter.doFilter(WsFilter.java:53)
	at org.apache.catalina.core.ApplicationFilterChain.internalDoFilter(ApplicationFilterChain.java:193)
	at org.apache.catalina.core.ApplicationFilterChain.doFilter(ApplicationFilterChain.java:166)
	at org.apache.shiro.web.servlet.ProxiedFilterChain.doFilter(ProxiedFilterChain.java:61)
	at org.apache.shiro.web.servlet.AdviceFilter.executeChain(AdviceFilter.java:108)
	at org.apache.shiro.web.servlet.AdviceFilter.doFilterInternal(AdviceFilter.java:137)
	at org.apache.shiro.web.servlet.OncePerRequestFilter.doFilter(OncePerRequestFilter.java:125)
	at org.apache.shiro.web.servlet.ProxiedFilterChain.doFilter(ProxiedFilterChain.java:66)
	at org.apache.shiro.web.servlet.AbstractShiroFilter.executeChain(AbstractShiroFilter.java:449)
	at org.apache.shiro.web.servlet.AbstractShiroFilter$1.call(AbstractShiroFilter.java:365)
	at org.apache.shiro.subject.support.SubjectCallable.doCall(SubjectCallable.java:90)
	at org.apache.shiro.subject.support.SubjectCallable.call(SubjectCallable.java:83)
	at org.apache.shiro.subject.support.DelegatingSubject.execute(DelegatingSubject.java:387)
	at org.apache.shiro.web.servlet.AbstractShiroFilter.doFilterInternal(AbstractShiroFilter.java:362)
	at org.apache.shiro.web.servlet.OncePerRequestFilter.doFilter(OncePerRequestFilter.java:125)
	at org.apache.catalina.core.ApplicationFilterChain.internalDoFilter(ApplicationFilterChain.java:193)
	at org.apache.catalina.core.ApplicationFilterChain.doFilter(ApplicationFilterChain.java:166)
	at org.springframework.web.filter.RequestContextFilter.doFilterInternal(RequestContextFilter.java:99)
	at org.springframework.web.filter.OncePerRequestFilter.doFilter(OncePerRequestFilter.java:118)
	at org.apache.catalina.core.ApplicationFilterChain.internalDoFilter(ApplicationFilterChain.java:193)
	at org.apache.catalina.core.ApplicationFilterChain.doFilter(ApplicationFilterChain.java:166)
	at org.springframework.web.filter.FormContentFilter.doFilterInternal(FormContentFilter.java:92)
	at org.springframework.web.filter.OncePerRequestFilter.doFilter(OncePerRequestFilter.java:118)
	at org.apache.catalina.core.ApplicationFilterChain.internalDoFilter(ApplicationFilterChain.java:193)
	at org.apache.catalina.core.ApplicationFilterChain.doFilter(ApplicationFilterChain.java:166)
	at org.springframework.web.filter.HiddenHttpMethodFilter.doFilterInternal(HiddenHttpMethodFilter.java:93)
	at org.springframework.web.filter.OncePerRequestFilter.doFilter(OncePerRequestFilter.java:118)
	at org.apache.catalina.core.ApplicationFilterChain.internalDoFilter(ApplicationFilterChain.java:193)
	at org.apache.catalina.core.ApplicationFilterChain.doFilter(ApplicationFilterChain.java:166)
	at org.springframework.web.filter.CharacterEncodingFilter.doFilterInternal(CharacterEncodingFilter.java:200)
	at org.springframework.web.filter.OncePerRequestFilter.doFilter(OncePerRequestFilter.java:118)
	at org.apache.catalina.core.ApplicationFilterChain.internalDoFilter(ApplicationFilterChain.java:193)
	at org.apache.catalina.core.ApplicationFilterChain.doFilter(ApplicationFilterChain.java:166)
	at org.apache.catalina.core.StandardWrapperValve.invoke(StandardWrapperValve.java:202)
	at org.apache.catalina.core.StandardContextValve.invoke(StandardContextValve.java:96)
	at org.apache.catalina.authenticator.AuthenticatorBase.invoke(AuthenticatorBase.java:490)
	at org.apache.catalina.core.StandardHostValve.invoke(StandardHostValve.java:139)
	at org.apache.catalina.valves.ErrorReportValve.invoke(ErrorReportValve.java:92)
	at org.apache.catalina.core.StandardEngineValve.invoke(StandardEngineValve.java:74)
	at org.apache.catalina.connector.CoyoteAdapter.service(CoyoteAdapter.java:343)
	at org.apache.coyote.http11.Http11Processor.service(Http11Processor.java:408)
	at org.apache.coyote.AbstractProcessorLight.process(AbstractProcessorLight.java:66)
	at org.apache.coyote.AbstractProtocol$ConnectionHandler.process(AbstractProtocol.java:853)
	at org.apache.tomcat.util.net.NioEndpoint$SocketProcessor.doRun(NioEndpoint.java:1587)
	at org.apache.tomcat.util.net.SocketProcessorBase.run(SocketProcessorBase.java:49)
	at java.util.concurrent.ThreadPoolExecutor.runWorker(ThreadPoolExecutor.java:1149)
	at java.util.concurrent.ThreadPoolExecutor$Worker.run(ThreadPoolExecutor.java:624)
	at org.apache.tomcat.util.threads.TaskThread$WrappingRunnable.run(TaskThread.java:61)
	at java.lang.Thread.run(Thread.java:748)
Caused by: org.apache.ibatis.exceptions.TooManyResultsException: Expected one result (or null) to be returned by selectOne(), but found: 4
	at org.apache.ibatis.session.defaults.DefaultSqlSession.selectOne(DefaultSqlSession.java:80)
	at sun.reflect.NativeMethodAccessorImpl.invoke0(Native Method)
	at sun.reflect.NativeMethodAccessorImpl.invoke(NativeMethodAccessorImpl.java:62)
	at sun.reflect.DelegatingMethodAccessorImpl.invoke(DelegatingMethodAccessorImpl.java:43)
	at java.lang.reflect.Method.invoke(Method.java:498)
	at org.mybatis.spring.SqlSessionTemplate$SqlSessionInterceptor.invoke(SqlSessionTemplate.java:433)
	... 90 common frames omitted
2020/04/02-10:28:13 [http-nio-8080-exec-3] INFO  com.share.wxerp.controller.UserControl- :com.share.wxerp.common.GlobalResult@751fd4fnull
 2020/04/02-10:37:25 [http-nio-8080-exec-1] INFO  com.share.wxerp.controller.UserControl- 进入UserControlalogin
 2020/04/02-10:37:25 [http-nio-8080-exec-1] INFO  com.share.wxerp.config.MyShiroRealm- 身份认证-->MyShiroRealm.doGetAuthenticationInfo()
 2020/04/02-10:37:25 [http-nio-8080-exec-1] DEBUG com.share.wxerp.mapper.UserMapper.selectOne- ==>  Preparing: SELECT uid,username,name,password,salt,state FROM ERP_user WHERE username = ? 
 2020/04/02-10:37:25 [http-nio-8080-exec-1] DEBUG com.share.wxerp.mapper.UserMapper.selectOne- ==> Parameters: admin(String)
 2020/04/02-10:37:25 [http-nio-8080-exec-1] TRACE com.share.wxerp.mapper.UserMapper.selectOne- <==    Columns: uid, username, name, password, salt, state
 2020/04/02-10:37:25 [http-nio-8080-exec-1] TRACE com.share.wxerp.mapper.UserMapper.selectOne- <==        Row: e9583a3d-39c1-44d2-b600-b89763da7a16, admin, 管理员, a3026ea7e4f35083b195354eccabc852, b9d11b3be25f5a1a7dc8ca04cd310b28, 1
 2020/04/02-10:37:25 [http-nio-8080-exec-1] DEBUG com.share.wxerp.mapper.UserMapper.selectOne- <==      Total: 1
 2020/04/02-10:37:25 [http-nio-8080-exec-1] INFO  com.share.wxerp.config.MyShiroRealm- 身份认证-->User{uid='e9583a3d-39c1-44d2-b600-b89763da7a16', username='admin', name='管理员', password='a3026ea7e4f35083b195354eccabc852', salt='b9d11b3be25f5a1a7dc8ca04cd310b28', state='1'}
 2020/04/02-10:37:25 [http-nio-8080-exec-1] INFO  com.share.wxerp.service.serviceImpl.RoleServiceImpl- 进入userService add:admin
 2020/04/02-10:37:25 [http-nio-8080-exec-1] DEBUG com.share.wxerp.mapper.UserMapper.selectOne- ==>  Preparing: SELECT uid,username,name,password,salt,state FROM ERP_user WHERE username = ? AND password = ? 
 2020/04/02-10:37:25 [http-nio-8080-exec-1] DEBUG com.share.wxerp.mapper.UserMapper.selectOne- ==> Parameters: admin(String), a3026ea7e4f35083b195354eccabc852(String)
 2020/04/02-10:37:25 [http-nio-8080-exec-1] TRACE com.share.wxerp.mapper.UserMapper.selectOne- <==    Columns: uid, username, name, password, salt, state
 2020/04/02-10:37:25 [http-nio-8080-exec-1] TRACE com.share.wxerp.mapper.UserMapper.selectOne- <==        Row: e9583a3d-39c1-44d2-b600-b89763da7a16, admin, 管理员, a3026ea7e4f35083b195354eccabc852, b9d11b3be25f5a1a7dc8ca04cd310b28, 1
 2020/04/02-10:37:25 [http-nio-8080-exec-1] DEBUG com.share.wxerp.mapper.UserMapper.selectOne- <==      Total: 1
 2020/04/02-10:37:25 [http-nio-8080-exec-1] INFO  com.share.wxerp.service.serviceImpl.RoleServiceImpl- userService add:用户查询成功
 2020/04/02-10:37:25 [http-nio-8080-exec-1] INFO  com.share.wxerp.controller.UserControl- :com.share.wxerp.common.GlobalResult@3dbad93dnull
 2020/04/02-10:37:27 [http-nio-8080-exec-10] INFO  com.share.wxerp.controller.UserControl- 进入UserControlalogin
 2020/04/02-10:37:27 [http-nio-8080-exec-10] INFO  com.share.wxerp.config.MyShiroRealm- 身份认证-->MyShiroRealm.doGetAuthenticationInfo()
 2020/04/02-10:37:27 [http-nio-8080-exec-10] DEBUG com.share.wxerp.mapper.UserMapper.selectOne- ==>  Preparing: SELECT uid,username,name,password,salt,state FROM ERP_user 
 2020/04/02-10:37:27 [http-nio-8080-exec-10] DEBUG com.share.wxerp.mapper.UserMapper.selectOne- ==> Parameters: 
 2020/04/02-10:37:27 [http-nio-8080-exec-10] TRACE com.share.wxerp.mapper.UserMapper.selectOne- <==    Columns: uid, username, name, password, salt, state
 2020/04/02-10:37:27 [http-nio-8080-exec-10] TRACE com.share.wxerp.mapper.UserMapper.selectOne- <==        Row: 35bb725c-4b17-4603-9ae7-4f5bf3d00ced, public, 普通管理员, 3ba32b459519fb2ac45ee5bff271f96e, 276a29e77ea029fcf86cb27ad0fa2659, 1
 2020/04/02-10:37:27 [http-nio-8080-exec-10] TRACE com.share.wxerp.mapper.UserMapper.selectOne- <==        Row: 85f1b673-fee2-4c5c-85cb-c5ba987d13b4, student, 学员, b820d0b22d3811bc293af5629c63031f, 11f234722bbd2584c085e15e8885e6ef, 1
 2020/04/02-10:37:27 [http-nio-8080-exec-10] TRACE com.share.wxerp.mapper.UserMapper.selectOne- <==        Row: ba65c3bf-7f0b-47d5-9774-0660024672d0, sgt, 苏苏昂, 6430dd66d29d86016d0f82c4262f36cd, daca1cb6ef3ac7ddca4534d8f182ed04, 1
 2020/04/02-10:37:27 [http-nio-8080-exec-10] TRACE com.share.wxerp.mapper.UserMapper.selectOne- <==        Row: e9583a3d-39c1-44d2-b600-b89763da7a16, admin, 管理员, a3026ea7e4f35083b195354eccabc852, b9d11b3be25f5a1a7dc8ca04cd310b28, 1
 2020/04/02-10:37:27 [http-nio-8080-exec-10] DEBUG com.share.wxerp.mapper.UserMapper.selectOne- <==      Total: 4
 2020/04/02-10:37:27 [http-nio-8080-exec-10] WARN  org.apache.shiro.authc.AbstractAuthenticator- Authentication failed for token submission [org.apache.shiro.authc.UsernamePasswordToken - null, rememberMe=false].  Possible unexpected error? (Typical or expected login exceptions should extend from AuthenticationException).
 org.mybatis.spring.MyBatisSystemException: nested exception is org.apache.ibatis.exceptions.TooManyResultsException: Expected one result (or null) to be returned by selectOne(), but found: 4
	at org.mybatis.spring.MyBatisExceptionTranslator.translateExceptionIfPossible(MyBatisExceptionTranslator.java:77)
	at org.mybatis.spring.SqlSessionTemplate$SqlSessionInterceptor.invoke(SqlSessionTemplate.java:446)
	at com.sun.proxy.$Proxy56.selectOne(Unknown Source)
	at org.mybatis.spring.SqlSessionTemplate.selectOne(SqlSessionTemplate.java:166)
	at com.baomidou.mybatisplus.core.override.MybatisMapperMethod.execute(MybatisMapperMethod.java:89)
	at com.baomidou.mybatisplus.core.override.MybatisMapperProxy.invoke(MybatisMapperProxy.java:62)
	at com.sun.proxy.$Proxy60.selectOne(Unknown Source)
	at com.share.wxerp.config.MyShiroRealm.doGetAuthenticationInfo(MyShiroRealm.java:82)
	at org.apache.shiro.realm.AuthenticatingRealm.getAuthenticationInfo(AuthenticatingRealm.java:571)
	at org.apache.shiro.authc.pam.ModularRealmAuthenticator.doSingleRealmAuthentication(ModularRealmAuthenticator.java:180)
	at org.apache.shiro.authc.pam.ModularRealmAuthenticator.doAuthenticate(ModularRealmAuthenticator.java:267)
	at org.apache.shiro.authc.AbstractAuthenticator.authenticate(AbstractAuthenticator.java:198)
	at org.apache.shiro.mgt.AuthenticatingSecurityManager.authenticate(AuthenticatingSecurityManager.java:106)
	at org.apache.shiro.mgt.DefaultSecurityManager.login(DefaultSecurityManager.java:274)
	at org.apache.shiro.subject.support.DelegatingSubject.login(DelegatingSubject.java:260)
	at com.share.wxerp.controller.UserControl.loginAuth(UserControl.java:51)
	at com.share.wxerp.controller.UserControl$$FastClassBySpringCGLIB$$57554368.invoke(<generated>)
	at org.springframework.cglib.proxy.MethodProxy.invoke(MethodProxy.java:218)
	at org.springframework.aop.framework.CglibAopProxy$DynamicAdvisedInterceptor.intercept(CglibAopProxy.java:684)
	at com.share.wxerp.controller.UserControl$$EnhancerBySpringCGLIB$$fb0befb2.loginAuth(<generated>)
	at com.share.wxerp.controller.UserControl$$FastClassBySpringCGLIB$$57554368.invoke(<generated>)
	at org.springframework.cglib.proxy.MethodProxy.invoke(MethodProxy.java:218)
	at org.springframework.aop.framework.CglibAopProxy$DynamicAdvisedInterceptor.intercept(CglibAopProxy.java:684)
	at com.share.wxerp.controller.UserControl$$EnhancerBySpringCGLIB$$3a1b8640.loginAuth(<generated>)
	at sun.reflect.NativeMethodAccessorImpl.invoke0(Native Method)
	at sun.reflect.NativeMethodAccessorImpl.invoke(NativeMethodAccessorImpl.java:62)
	at sun.reflect.DelegatingMethodAccessorImpl.invoke(DelegatingMethodAccessorImpl.java:43)
	at java.lang.reflect.Method.invoke(Method.java:498)
	at org.springframework.web.method.support.InvocableHandlerMethod.doInvoke(InvocableHandlerMethod.java:190)
	at org.springframework.web.method.support.InvocableHandlerMethod.invokeForRequest(InvocableHandlerMethod.java:138)
	at org.springframework.web.servlet.mvc.method.annotation.ServletInvocableHandlerMethod.invokeAndHandle(ServletInvocableHandlerMethod.java:104)
	at org.springframework.web.servlet.mvc.method.annotation.RequestMappingHandlerAdapter.invokeHandlerMethod(RequestMappingHandlerAdapter.java:892)
	at org.springframework.web.servlet.mvc.method.annotation.RequestMappingHandlerAdapter.handleInternal(RequestMappingHandlerAdapter.java:797)
	at org.springframework.web.servlet.mvc.method.AbstractHandlerMethodAdapter.handle(AbstractHandlerMethodAdapter.java:87)
	at org.springframework.web.servlet.DispatcherServlet.doDispatch(DispatcherServlet.java:1039)
	at org.springframework.web.servlet.DispatcherServlet.doService(DispatcherServlet.java:942)
	at org.springframework.web.servlet.FrameworkServlet.processRequest(FrameworkServlet.java:1005)
	at org.springframework.web.servlet.FrameworkServlet.doPost(FrameworkServlet.java:908)
	at javax.servlet.http.HttpServlet.service(HttpServlet.java:660)
	at org.springframework.web.servlet.FrameworkServlet.service(FrameworkServlet.java:882)
	at javax.servlet.http.HttpServlet.service(HttpServlet.java:741)
	at org.apache.catalina.core.ApplicationFilterChain.internalDoFilter(ApplicationFilterChain.java:231)
	at org.apache.catalina.core.ApplicationFilterChain.doFilter(ApplicationFilterChain.java:166)
	at org.apache.tomcat.websocket.server.WsFilter.doFilter(WsFilter.java:53)
	at org.apache.catalina.core.ApplicationFilterChain.internalDoFilter(ApplicationFilterChain.java:193)
	at org.apache.catalina.core.ApplicationFilterChain.doFilter(ApplicationFilterChain.java:166)
	at org.apache.shiro.web.servlet.ProxiedFilterChain.doFilter(ProxiedFilterChain.java:61)
	at org.apache.shiro.web.servlet.AdviceFilter.executeChain(AdviceFilter.java:108)
	at org.apache.shiro.web.servlet.AdviceFilter.doFilterInternal(AdviceFilter.java:137)
	at org.apache.shiro.web.servlet.OncePerRequestFilter.doFilter(OncePerRequestFilter.java:125)
	at org.apache.shiro.web.servlet.ProxiedFilterChain.doFilter(ProxiedFilterChain.java:66)
	at org.apache.shiro.web.servlet.AbstractShiroFilter.executeChain(AbstractShiroFilter.java:449)
	at org.apache.shiro.web.servlet.AbstractShiroFilter$1.call(AbstractShiroFilter.java:365)
	at org.apache.shiro.subject.support.SubjectCallable.doCall(SubjectCallable.java:90)
	at org.apache.shiro.subject.support.SubjectCallable.call(SubjectCallable.java:83)
	at org.apache.shiro.subject.support.DelegatingSubject.execute(DelegatingSubject.java:387)
	at org.apache.shiro.web.servlet.AbstractShiroFilter.doFilterInternal(AbstractShiroFilter.java:362)
	at org.apache.shiro.web.servlet.OncePerRequestFilter.doFilter(OncePerRequestFilter.java:125)
	at org.apache.catalina.core.ApplicationFilterChain.internalDoFilter(ApplicationFilterChain.java:193)
	at org.apache.catalina.core.ApplicationFilterChain.doFilter(ApplicationFilterChain.java:166)
	at org.springframework.web.filter.RequestContextFilter.doFilterInternal(RequestContextFilter.java:99)
	at org.springframework.web.filter.OncePerRequestFilter.doFilter(OncePerRequestFilter.java:118)
	at org.apache.catalina.core.ApplicationFilterChain.internalDoFilter(ApplicationFilterChain.java:193)
	at org.apache.catalina.core.ApplicationFilterChain.doFilter(ApplicationFilterChain.java:166)
	at org.springframework.web.filter.FormContentFilter.doFilterInternal(FormContentFilter.java:92)
	at org.springframework.web.filter.OncePerRequestFilter.doFilter(OncePerRequestFilter.java:118)
	at org.apache.catalina.core.ApplicationFilterChain.internalDoFilter(ApplicationFilterChain.java:193)
	at org.apache.catalina.core.ApplicationFilterChain.doFilter(ApplicationFilterChain.java:166)
	at org.springframework.web.filter.HiddenHttpMethodFilter.doFilterInternal(HiddenHttpMethodFilter.java:93)
	at org.springframework.web.filter.OncePerRequestFilter.doFilter(OncePerRequestFilter.java:118)
	at org.apache.catalina.core.ApplicationFilterChain.internalDoFilter(ApplicationFilterChain.java:193)
	at org.apache.catalina.core.ApplicationFilterChain.doFilter(ApplicationFilterChain.java:166)
	at org.springframework.web.filter.CharacterEncodingFilter.doFilterInternal(CharacterEncodingFilter.java:200)
	at org.springframework.web.filter.OncePerRequestFilter.doFilter(OncePerRequestFilter.java:118)
	at org.apache.catalina.core.ApplicationFilterChain.internalDoFilter(ApplicationFilterChain.java:193)
	at org.apache.catalina.core.ApplicationFilterChain.doFilter(ApplicationFilterChain.java:166)
	at org.apache.catalina.core.StandardWrapperValve.invoke(StandardWrapperValve.java:202)
	at org.apache.catalina.core.StandardContextValve.invoke(StandardContextValve.java:96)
	at org.apache.catalina.authenticator.AuthenticatorBase.invoke(AuthenticatorBase.java:490)
	at org.apache.catalina.core.StandardHostValve.invoke(StandardHostValve.java:139)
	at org.apache.catalina.valves.ErrorReportValve.invoke(ErrorReportValve.java:92)
	at org.apache.catalina.core.StandardEngineValve.invoke(StandardEngineValve.java:74)
	at org.apache.catalina.connector.CoyoteAdapter.service(CoyoteAdapter.java:343)
	at org.apache.coyote.http11.Http11Processor.service(Http11Processor.java:408)
	at org.apache.coyote.AbstractProcessorLight.process(AbstractProcessorLight.java:66)
	at org.apache.coyote.AbstractProtocol$ConnectionHandler.process(AbstractProtocol.java:853)
	at org.apache.tomcat.util.net.NioEndpoint$SocketProcessor.doRun(NioEndpoint.java:1587)
	at org.apache.tomcat.util.net.SocketProcessorBase.run(SocketProcessorBase.java:49)
	at java.util.concurrent.ThreadPoolExecutor.runWorker(ThreadPoolExecutor.java:1149)
	at java.util.concurrent.ThreadPoolExecutor$Worker.run(ThreadPoolExecutor.java:624)
	at org.apache.tomcat.util.threads.TaskThread$WrappingRunnable.run(TaskThread.java:61)
	at java.lang.Thread.run(Thread.java:748)
Caused by: org.apache.ibatis.exceptions.TooManyResultsException: Expected one result (or null) to be returned by selectOne(), but found: 4
	at org.apache.ibatis.session.defaults.DefaultSqlSession.selectOne(DefaultSqlSession.java:80)
	at sun.reflect.NativeMethodAccessorImpl.invoke0(Native Method)
	at sun.reflect.NativeMethodAccessorImpl.invoke(NativeMethodAccessorImpl.java:62)
	at sun.reflect.DelegatingMethodAccessorImpl.invoke(DelegatingMethodAccessorImpl.java:43)
	at java.lang.reflect.Method.invoke(Method.java:498)
	at org.mybatis.spring.SqlSessionTemplate$SqlSessionInterceptor.invoke(SqlSessionTemplate.java:433)
	... 90 common frames omitted
2020/04/02-10:37:27 [http-nio-8080-exec-10] INFO  com.share.wxerp.controller.UserControl- :com.share.wxerp.common.GlobalResult@53820b44null
 2020/04/02-10:41:16 [http-nio-8080-exec-6] INFO  com.share.wxerp.controller.UserControl- 进入UserControlalogin
 2020/04/02-10:41:16 [http-nio-8080-exec-6] INFO  com.share.wxerp.config.MyShiroRealm- 身份认证-->MyShiroRealm.doGetAuthenticationInfo()
 2020/04/02-10:41:16 [http-nio-8080-exec-6] DEBUG com.share.wxerp.mapper.UserMapper.selectOne- ==>  Preparing: SELECT uid,username,name,password,salt,state FROM ERP_user WHERE username = ? 
 2020/04/02-10:41:16 [http-nio-8080-exec-6] DEBUG com.share.wxerp.mapper.UserMapper.selectOne- ==> Parameters: admin(String)
 2020/04/02-10:41:16 [http-nio-8080-exec-6] TRACE com.share.wxerp.mapper.UserMapper.selectOne- <==    Columns: uid, username, name, password, salt, state
 2020/04/02-10:41:16 [http-nio-8080-exec-6] TRACE com.share.wxerp.mapper.UserMapper.selectOne- <==        Row: e9583a3d-39c1-44d2-b600-b89763da7a16, admin, 管理员, a3026ea7e4f35083b195354eccabc852, b9d11b3be25f5a1a7dc8ca04cd310b28, 1
 2020/04/02-10:41:16 [http-nio-8080-exec-6] DEBUG com.share.wxerp.mapper.UserMapper.selectOne- <==      Total: 1
 2020/04/02-10:41:16 [http-nio-8080-exec-6] INFO  com.share.wxerp.config.MyShiroRealm- 身份认证-->User{uid='e9583a3d-39c1-44d2-b600-b89763da7a16', username='admin', name='管理员', password='a3026ea7e4f35083b195354eccabc852', salt='b9d11b3be25f5a1a7dc8ca04cd310b28', state='1'}
 2020/04/02-10:41:16 [http-nio-8080-exec-6] INFO  com.share.wxerp.service.serviceImpl.RoleServiceImpl- 进入userService add:admin
 2020/04/02-10:41:16 [http-nio-8080-exec-6] DEBUG com.share.wxerp.mapper.UserMapper.selectOne- ==>  Preparing: SELECT uid,username,name,password,salt,state FROM ERP_user WHERE username = ? AND password = ? 
 2020/04/02-10:41:16 [http-nio-8080-exec-6] DEBUG com.share.wxerp.mapper.UserMapper.selectOne- ==> Parameters: admin(String), a3026ea7e4f35083b195354eccabc852(String)
 2020/04/02-10:41:16 [http-nio-8080-exec-6] TRACE com.share.wxerp.mapper.UserMapper.selectOne- <==    Columns: uid, username, name, password, salt, state
 2020/04/02-10:41:16 [http-nio-8080-exec-6] TRACE com.share.wxerp.mapper.UserMapper.selectOne- <==        Row: e9583a3d-39c1-44d2-b600-b89763da7a16, admin, 管理员, a3026ea7e4f35083b195354eccabc852, b9d11b3be25f5a1a7dc8ca04cd310b28, 1
 2020/04/02-10:41:16 [http-nio-8080-exec-6] DEBUG com.share.wxerp.mapper.UserMapper.selectOne- <==      Total: 1
 2020/04/02-10:41:16 [http-nio-8080-exec-6] INFO  com.share.wxerp.service.serviceImpl.RoleServiceImpl- userService add:用户查询成功
 2020/04/02-10:41:16 [http-nio-8080-exec-6] INFO  com.share.wxerp.controller.UserControl- :com.share.wxerp.common.GlobalResult@ff7913cnull
 2020/04/02-10:41:19 [http-nio-8080-exec-4] INFO  com.share.wxerp.controller.UserControl- 进入UserControlalogin
 2020/04/02-10:41:19 [http-nio-8080-exec-4] INFO  com.share.wxerp.config.MyShiroRealm- 身份认证-->MyShiroRealm.doGetAuthenticationInfo()
 2020/04/02-10:41:19 [http-nio-8080-exec-4] DEBUG com.share.wxerp.mapper.UserMapper.selectOne- ==>  Preparing: SELECT uid,username,name,password,salt,state FROM ERP_user 
 2020/04/02-10:41:19 [http-nio-8080-exec-4] DEBUG com.share.wxerp.mapper.UserMapper.selectOne- ==> Parameters: 
 2020/04/02-10:41:19 [http-nio-8080-exec-4] TRACE com.share.wxerp.mapper.UserMapper.selectOne- <==    Columns: uid, username, name, password, salt, state
 2020/04/02-10:41:19 [http-nio-8080-exec-4] TRACE com.share.wxerp.mapper.UserMapper.selectOne- <==        Row: 35bb725c-4b17-4603-9ae7-4f5bf3d00ced, public, 普通管理员, 3ba32b459519fb2ac45ee5bff271f96e, 276a29e77ea029fcf86cb27ad0fa2659, 1
 2020/04/02-10:41:19 [http-nio-8080-exec-4] TRACE com.share.wxerp.mapper.UserMapper.selectOne- <==        Row: 85f1b673-fee2-4c5c-85cb-c5ba987d13b4, student, 学员, b820d0b22d3811bc293af5629c63031f, 11f234722bbd2584c085e15e8885e6ef, 1
 2020/04/02-10:41:19 [http-nio-8080-exec-4] TRACE com.share.wxerp.mapper.UserMapper.selectOne- <==        Row: ba65c3bf-7f0b-47d5-9774-0660024672d0, sgt, 苏苏昂, 6430dd66d29d86016d0f82c4262f36cd, daca1cb6ef3ac7ddca4534d8f182ed04, 1
 2020/04/02-10:41:19 [http-nio-8080-exec-4] TRACE com.share.wxerp.mapper.UserMapper.selectOne- <==        Row: e9583a3d-39c1-44d2-b600-b89763da7a16, admin, 管理员, a3026ea7e4f35083b195354eccabc852, b9d11b3be25f5a1a7dc8ca04cd310b28, 1
 2020/04/02-10:41:19 [http-nio-8080-exec-4] DEBUG com.share.wxerp.mapper.UserMapper.selectOne- <==      Total: 4
 2020/04/02-10:41:19 [http-nio-8080-exec-4] WARN  org.apache.shiro.authc.AbstractAuthenticator- Authentication failed for token submission [org.apache.shiro.authc.UsernamePasswordToken - null, rememberMe=false].  Possible unexpected error? (Typical or expected login exceptions should extend from AuthenticationException).
 org.mybatis.spring.MyBatisSystemException: nested exception is org.apache.ibatis.exceptions.TooManyResultsException: Expected one result (or null) to be returned by selectOne(), but found: 4
	at org.mybatis.spring.MyBatisExceptionTranslator.translateExceptionIfPossible(MyBatisExceptionTranslator.java:77)
	at org.mybatis.spring.SqlSessionTemplate$SqlSessionInterceptor.invoke(SqlSessionTemplate.java:446)
	at com.sun.proxy.$Proxy56.selectOne(Unknown Source)
	at org.mybatis.spring.SqlSessionTemplate.selectOne(SqlSessionTemplate.java:166)
	at com.baomidou.mybatisplus.core.override.MybatisMapperMethod.execute(MybatisMapperMethod.java:89)
	at com.baomidou.mybatisplus.core.override.MybatisMapperProxy.invoke(MybatisMapperProxy.java:62)
	at com.sun.proxy.$Proxy60.selectOne(Unknown Source)
	at com.share.wxerp.config.MyShiroRealm.doGetAuthenticationInfo(MyShiroRealm.java:82)
	at org.apache.shiro.realm.AuthenticatingRealm.getAuthenticationInfo(AuthenticatingRealm.java:571)
	at org.apache.shiro.authc.pam.ModularRealmAuthenticator.doSingleRealmAuthentication(ModularRealmAuthenticator.java:180)
	at org.apache.shiro.authc.pam.ModularRealmAuthenticator.doAuthenticate(ModularRealmAuthenticator.java:267)
	at org.apache.shiro.authc.AbstractAuthenticator.authenticate(AbstractAuthenticator.java:198)
	at org.apache.shiro.mgt.AuthenticatingSecurityManager.authenticate(AuthenticatingSecurityManager.java:106)
	at org.apache.shiro.mgt.DefaultSecurityManager.login(DefaultSecurityManager.java:274)
	at org.apache.shiro.subject.support.DelegatingSubject.login(DelegatingSubject.java:260)
	at com.share.wxerp.controller.UserControl.loginAuth(UserControl.java:51)
	at com.share.wxerp.controller.UserControl$$FastClassBySpringCGLIB$$57554368.invoke(<generated>)
	at org.springframework.cglib.proxy.MethodProxy.invoke(MethodProxy.java:218)
	at org.springframework.aop.framework.CglibAopProxy$DynamicAdvisedInterceptor.intercept(CglibAopProxy.java:684)
	at com.share.wxerp.controller.UserControl$$EnhancerBySpringCGLIB$$fb0befb2.loginAuth(<generated>)
	at com.share.wxerp.controller.UserControl$$FastClassBySpringCGLIB$$57554368.invoke(<generated>)
	at org.springframework.cglib.proxy.MethodProxy.invoke(MethodProxy.java:218)
	at org.springframework.aop.framework.CglibAopProxy$DynamicAdvisedInterceptor.intercept(CglibAopProxy.java:684)
	at com.share.wxerp.controller.UserControl$$EnhancerBySpringCGLIB$$3a1b8640.loginAuth(<generated>)
	at sun.reflect.NativeMethodAccessorImpl.invoke0(Native Method)
	at sun.reflect.NativeMethodAccessorImpl.invoke(NativeMethodAccessorImpl.java:62)
	at sun.reflect.DelegatingMethodAccessorImpl.invoke(DelegatingMethodAccessorImpl.java:43)
	at java.lang.reflect.Method.invoke(Method.java:498)
	at org.springframework.web.method.support.InvocableHandlerMethod.doInvoke(InvocableHandlerMethod.java:190)
	at org.springframework.web.method.support.InvocableHandlerMethod.invokeForRequest(InvocableHandlerMethod.java:138)
	at org.springframework.web.servlet.mvc.method.annotation.ServletInvocableHandlerMethod.invokeAndHandle(ServletInvocableHandlerMethod.java:104)
	at org.springframework.web.servlet.mvc.method.annotation.RequestMappingHandlerAdapter.invokeHandlerMethod(RequestMappingHandlerAdapter.java:892)
	at org.springframework.web.servlet.mvc.method.annotation.RequestMappingHandlerAdapter.handleInternal(RequestMappingHandlerAdapter.java:797)
	at org.springframework.web.servlet.mvc.method.AbstractHandlerMethodAdapter.handle(AbstractHandlerMethodAdapter.java:87)
	at org.springframework.web.servlet.DispatcherServlet.doDispatch(DispatcherServlet.java:1039)
	at org.springframework.web.servlet.DispatcherServlet.doService(DispatcherServlet.java:942)
	at org.springframework.web.servlet.FrameworkServlet.processRequest(FrameworkServlet.java:1005)
	at org.springframework.web.servlet.FrameworkServlet.doPost(FrameworkServlet.java:908)
	at javax.servlet.http.HttpServlet.service(HttpServlet.java:660)
	at org.springframework.web.servlet.FrameworkServlet.service(FrameworkServlet.java:882)
	at javax.servlet.http.HttpServlet.service(HttpServlet.java:741)
	at org.apache.catalina.core.ApplicationFilterChain.internalDoFilter(ApplicationFilterChain.java:231)
	at org.apache.catalina.core.ApplicationFilterChain.doFilter(ApplicationFilterChain.java:166)
	at org.apache.tomcat.websocket.server.WsFilter.doFilter(WsFilter.java:53)
	at org.apache.catalina.core.ApplicationFilterChain.internalDoFilter(ApplicationFilterChain.java:193)
	at org.apache.catalina.core.ApplicationFilterChain.doFilter(ApplicationFilterChain.java:166)
	at org.apache.shiro.web.servlet.ProxiedFilterChain.doFilter(ProxiedFilterChain.java:61)
	at org.apache.shiro.web.servlet.AdviceFilter.executeChain(AdviceFilter.java:108)
	at org.apache.shiro.web.servlet.AdviceFilter.doFilterInternal(AdviceFilter.java:137)
	at org.apache.shiro.web.servlet.OncePerRequestFilter.doFilter(OncePerRequestFilter.java:125)
	at org.apache.shiro.web.servlet.ProxiedFilterChain.doFilter(ProxiedFilterChain.java:66)
	at org.apache.shiro.web.servlet.AbstractShiroFilter.executeChain(AbstractShiroFilter.java:449)
	at org.apache.shiro.web.servlet.AbstractShiroFilter$1.call(AbstractShiroFilter.java:365)
	at org.apache.shiro.subject.support.SubjectCallable.doCall(SubjectCallable.java:90)
	at org.apache.shiro.subject.support.SubjectCallable.call(SubjectCallable.java:83)
	at org.apache.shiro.subject.support.DelegatingSubject.execute(DelegatingSubject.java:387)
	at org.apache.shiro.web.servlet.AbstractShiroFilter.doFilterInternal(AbstractShiroFilter.java:362)
	at org.apache.shiro.web.servlet.OncePerRequestFilter.doFilter(OncePerRequestFilter.java:125)
	at org.apache.catalina.core.ApplicationFilterChain.internalDoFilter(ApplicationFilterChain.java:193)
	at org.apache.catalina.core.ApplicationFilterChain.doFilter(ApplicationFilterChain.java:166)
	at org.springframework.web.filter.RequestContextFilter.doFilterInternal(RequestContextFilter.java:99)
	at org.springframework.web.filter.OncePerRequestFilter.doFilter(OncePerRequestFilter.java:118)
	at org.apache.catalina.core.ApplicationFilterChain.internalDoFilter(ApplicationFilterChain.java:193)
	at org.apache.catalina.core.ApplicationFilterChain.doFilter(ApplicationFilterChain.java:166)
	at org.springframework.web.filter.FormContentFilter.doFilterInternal(FormContentFilter.java:92)
	at org.springframework.web.filter.OncePerRequestFilter.doFilter(OncePerRequestFilter.java:118)
	at org.apache.catalina.core.ApplicationFilterChain.internalDoFilter(ApplicationFilterChain.java:193)
	at org.apache.catalina.core.ApplicationFilterChain.doFilter(ApplicationFilterChain.java:166)
	at org.springframework.web.filter.HiddenHttpMethodFilter.doFilterInternal(HiddenHttpMethodFilter.java:93)
	at org.springframework.web.filter.OncePerRequestFilter.doFilter(OncePerRequestFilter.java:118)
	at org.apache.catalina.core.ApplicationFilterChain.internalDoFilter(ApplicationFilterChain.java:193)
	at org.apache.catalina.core.ApplicationFilterChain.doFilter(ApplicationFilterChain.java:166)
	at org.springframework.web.filter.CharacterEncodingFilter.doFilterInternal(CharacterEncodingFilter.java:200)
	at org.springframework.web.filter.OncePerRequestFilter.doFilter(OncePerRequestFilter.java:118)
	at org.apache.catalina.core.ApplicationFilterChain.internalDoFilter(ApplicationFilterChain.java:193)
	at org.apache.catalina.core.ApplicationFilterChain.doFilter(ApplicationFilterChain.java:166)
	at org.apache.catalina.core.StandardWrapperValve.invoke(StandardWrapperValve.java:202)
	at org.apache.catalina.core.StandardContextValve.invoke(StandardContextValve.java:96)
	at org.apache.catalina.authenticator.AuthenticatorBase.invoke(AuthenticatorBase.java:490)
	at org.apache.catalina.core.StandardHostValve.invoke(StandardHostValve.java:139)
	at org.apache.catalina.valves.ErrorReportValve.invoke(ErrorReportValve.java:92)
	at org.apache.catalina.core.StandardEngineValve.invoke(StandardEngineValve.java:74)
	at org.apache.catalina.connector.CoyoteAdapter.service(CoyoteAdapter.java:343)
	at org.apache.coyote.http11.Http11Processor.service(Http11Processor.java:408)
	at org.apache.coyote.AbstractProcessorLight.process(AbstractProcessorLight.java:66)
	at org.apache.coyote.AbstractProtocol$ConnectionHandler.process(AbstractProtocol.java:853)
	at org.apache.tomcat.util.net.NioEndpoint$SocketProcessor.doRun(NioEndpoint.java:1587)
	at org.apache.tomcat.util.net.SocketProcessorBase.run(SocketProcessorBase.java:49)
	at java.util.concurrent.ThreadPoolExecutor.runWorker(ThreadPoolExecutor.java:1149)
	at java.util.concurrent.ThreadPoolExecutor$Worker.run(ThreadPoolExecutor.java:624)
	at org.apache.tomcat.util.threads.TaskThread$WrappingRunnable.run(TaskThread.java:61)
	at java.lang.Thread.run(Thread.java:748)
Caused by: org.apache.ibatis.exceptions.TooManyResultsException: Expected one result (or null) to be returned by selectOne(), but found: 4
	at org.apache.ibatis.session.defaults.DefaultSqlSession.selectOne(DefaultSqlSession.java:80)
	at sun.reflect.NativeMethodAccessorImpl.invoke0(Native Method)
	at sun.reflect.NativeMethodAccessorImpl.invoke(NativeMethodAccessorImpl.java:62)
	at sun.reflect.DelegatingMethodAccessorImpl.invoke(DelegatingMethodAccessorImpl.java:43)
	at java.lang.reflect.Method.invoke(Method.java:498)
	at org.mybatis.spring.SqlSessionTemplate$SqlSessionInterceptor.invoke(SqlSessionTemplate.java:433)
	... 90 common frames omitted
2020/04/02-10:41:20 [http-nio-8080-exec-4] INFO  com.share.wxerp.controller.UserControl- :com.share.wxerp.common.GlobalResult@2129db55null
 2020/04/02-10:42:59 [http-nio-8080-exec-7] INFO  com.share.wxerp.controller.UserControl- 进入UserControlalogin
 2020/04/02-10:42:59 [http-nio-8080-exec-7] INFO  com.share.wxerp.config.MyShiroRealm- 身份认证-->MyShiroRealm.doGetAuthenticationInfo()
 2020/04/02-10:42:59 [http-nio-8080-exec-7] DEBUG com.share.wxerp.mapper.UserMapper.selectOne- ==>  Preparing: SELECT uid,username,name,password,salt,state FROM ERP_user WHERE username = ? 
 2020/04/02-10:42:59 [http-nio-8080-exec-7] DEBUG com.share.wxerp.mapper.UserMapper.selectOne- ==> Parameters: admin(String)
 2020/04/02-10:42:59 [http-nio-8080-exec-7] TRACE com.share.wxerp.mapper.UserMapper.selectOne- <==    Columns: uid, username, name, password, salt, state
 2020/04/02-10:42:59 [http-nio-8080-exec-7] TRACE com.share.wxerp.mapper.UserMapper.selectOne- <==        Row: e9583a3d-39c1-44d2-b600-b89763da7a16, admin, 管理员, a3026ea7e4f35083b195354eccabc852, b9d11b3be25f5a1a7dc8ca04cd310b28, 1
 2020/04/02-10:42:59 [http-nio-8080-exec-7] DEBUG com.share.wxerp.mapper.UserMapper.selectOne- <==      Total: 1
 2020/04/02-10:42:59 [http-nio-8080-exec-7] INFO  com.share.wxerp.config.MyShiroRealm- 身份认证-->User{uid='e9583a3d-39c1-44d2-b600-b89763da7a16', username='admin', name='管理员', password='a3026ea7e4f35083b195354eccabc852', salt='b9d11b3be25f5a1a7dc8ca04cd310b28', state='1'}
 2020/04/02-10:42:59 [http-nio-8080-exec-7] INFO  com.share.wxerp.service.serviceImpl.RoleServiceImpl- 进入userService add:admin
 2020/04/02-10:42:59 [http-nio-8080-exec-7] DEBUG com.share.wxerp.mapper.UserMapper.selectOne- ==>  Preparing: SELECT uid,username,name,password,salt,state FROM ERP_user WHERE username = ? AND password = ? 
 2020/04/02-10:42:59 [http-nio-8080-exec-7] DEBUG com.share.wxerp.mapper.UserMapper.selectOne- ==> Parameters: admin(String), a3026ea7e4f35083b195354eccabc852(String)
 2020/04/02-10:42:59 [http-nio-8080-exec-7] TRACE com.share.wxerp.mapper.UserMapper.selectOne- <==    Columns: uid, username, name, password, salt, state
 2020/04/02-10:42:59 [http-nio-8080-exec-7] TRACE com.share.wxerp.mapper.UserMapper.selectOne- <==        Row: e9583a3d-39c1-44d2-b600-b89763da7a16, admin, 管理员, a3026ea7e4f35083b195354eccabc852, b9d11b3be25f5a1a7dc8ca04cd310b28, 1
 2020/04/02-10:42:59 [http-nio-8080-exec-7] DEBUG com.share.wxerp.mapper.UserMapper.selectOne- <==      Total: 1
 2020/04/02-10:42:59 [http-nio-8080-exec-7] INFO  com.share.wxerp.service.serviceImpl.RoleServiceImpl- userService add:用户查询成功
 2020/04/02-10:42:59 [http-nio-8080-exec-7] INFO  com.share.wxerp.controller.UserControl- :com.share.wxerp.common.GlobalResult@44d88425null
 2020/04/02-11:01:27 [http-nio-8080-exec-3] INFO  com.share.wxerp.controller.UserControl- 进入UserControlalogin
 2020/04/02-11:01:27 [http-nio-8080-exec-3] INFO  com.share.wxerp.config.MyShiroRealm- 身份认证-->MyShiroRealm.doGetAuthenticationInfo()
 2020/04/02-11:01:27 [http-nio-8080-exec-3] DEBUG com.share.wxerp.mapper.UserMapper.selectOne- ==>  Preparing: SELECT uid,username,name,password,salt,state FROM ERP_user WHERE username = ? 
 2020/04/02-11:01:27 [http-nio-8080-exec-3] DEBUG com.share.wxerp.mapper.UserMapper.selectOne- ==> Parameters: adadmin(String)
 2020/04/02-11:01:27 [http-nio-8080-exec-3] DEBUG com.share.wxerp.mapper.UserMapper.selectOne- <==      Total: 0
 2020/04/02-11:01:27 [http-nio-8080-exec-3] INFO  com.share.wxerp.controller.UserControl- :com.share.wxerp.common.GlobalResult@38e36548UnknownAccountException -- > 账号不存在：
 2020/04/02-11:01:34 [http-nio-8080-exec-2] INFO  com.share.wxerp.controller.UserControl- 进入UserControlalogin
 2020/04/02-11:01:34 [http-nio-8080-exec-2] INFO  com.share.wxerp.config.MyShiroRealm- 身份认证-->MyShiroRealm.doGetAuthenticationInfo()
 2020/04/02-11:01:34 [http-nio-8080-exec-2] DEBUG com.share.wxerp.mapper.UserMapper.selectOne- ==>  Preparing: SELECT uid,username,name,password,salt,state FROM ERP_user WHERE username = ? 
 2020/04/02-11:01:34 [http-nio-8080-exec-2] DEBUG com.share.wxerp.mapper.UserMapper.selectOne- ==> Parameters: admin(String)
 2020/04/02-11:01:34 [http-nio-8080-exec-2] TRACE com.share.wxerp.mapper.UserMapper.selectOne- <==    Columns: uid, username, name, password, salt, state
 2020/04/02-11:01:34 [http-nio-8080-exec-2] TRACE com.share.wxerp.mapper.UserMapper.selectOne- <==        Row: e9583a3d-39c1-44d2-b600-b89763da7a16, admin, 管理员, a3026ea7e4f35083b195354eccabc852, b9d11b3be25f5a1a7dc8ca04cd310b28, 1
 2020/04/02-11:01:34 [http-nio-8080-exec-2] DEBUG com.share.wxerp.mapper.UserMapper.selectOne- <==      Total: 1
 2020/04/02-11:01:34 [http-nio-8080-exec-2] INFO  com.share.wxerp.config.MyShiroRealm- 身份认证-->User{uid='e9583a3d-39c1-44d2-b600-b89763da7a16', username='admin', name='管理员', password='a3026ea7e4f35083b195354eccabc852', salt='b9d11b3be25f5a1a7dc8ca04cd310b28', state='1'}
 2020/04/02-11:01:34 [http-nio-8080-exec-2] INFO  com.share.wxerp.service.serviceImpl.RoleServiceImpl- 进入userService add:admin
 2020/04/02-11:01:34 [http-nio-8080-exec-2] DEBUG com.share.wxerp.mapper.UserMapper.selectOne- ==>  Preparing: SELECT uid,username,name,password,salt,state FROM ERP_user WHERE username = ? AND password = ? 
 2020/04/02-11:01:34 [http-nio-8080-exec-2] DEBUG com.share.wxerp.mapper.UserMapper.selectOne- ==> Parameters: admin(String), a3026ea7e4f35083b195354eccabc852(String)
 2020/04/02-11:01:34 [http-nio-8080-exec-2] TRACE com.share.wxerp.mapper.UserMapper.selectOne- <==    Columns: uid, username, name, password, salt, state
 2020/04/02-11:01:34 [http-nio-8080-exec-2] TRACE com.share.wxerp.mapper.UserMapper.selectOne- <==        Row: e9583a3d-39c1-44d2-b600-b89763da7a16, admin, 管理员, a3026ea7e4f35083b195354eccabc852, b9d11b3be25f5a1a7dc8ca04cd310b28, 1
 2020/04/02-11:01:34 [http-nio-8080-exec-2] DEBUG com.share.wxerp.mapper.UserMapper.selectOne- <==      Total: 1
 2020/04/02-11:01:34 [http-nio-8080-exec-2] INFO  com.share.wxerp.service.serviceImpl.RoleServiceImpl- userService add:用户查询成功
 2020/04/02-11:01:34 [http-nio-8080-exec-2] INFO  com.share.wxerp.controller.UserControl- :com.share.wxerp.common.GlobalResult@4c2a478bnull
 2020/04/02-11:11:00 [http-nio-8080-exec-10] INFO  com.share.wxerp.controller.UserControl- 进入UserControlalogin
 2020/04/02-11:11:00 [http-nio-8080-exec-10] INFO  com.share.wxerp.config.MyShiroRealm- 身份认证-->MyShiroRealm.doGetAuthenticationInfo()
 2020/04/02-11:11:00 [http-nio-8080-exec-10] DEBUG com.share.wxerp.mapper.UserMapper.selectOne- ==>  Preparing: SELECT uid,username,name,password,salt,state FROM ERP_user WHERE username = ? 
 2020/04/02-11:11:00 [http-nio-8080-exec-10] DEBUG com.share.wxerp.mapper.UserMapper.selectOne- ==> Parameters: admin(String)
 2020/04/02-11:11:00 [http-nio-8080-exec-10] TRACE com.share.wxerp.mapper.UserMapper.selectOne- <==    Columns: uid, username, name, password, salt, state
 2020/04/02-11:11:00 [http-nio-8080-exec-10] TRACE com.share.wxerp.mapper.UserMapper.selectOne- <==        Row: e9583a3d-39c1-44d2-b600-b89763da7a16, admin, 管理员, a3026ea7e4f35083b195354eccabc852, b9d11b3be25f5a1a7dc8ca04cd310b28, 1
 2020/04/02-11:11:00 [http-nio-8080-exec-10] DEBUG com.share.wxerp.mapper.UserMapper.selectOne- <==      Total: 1
 2020/04/02-11:11:00 [http-nio-8080-exec-10] INFO  com.share.wxerp.config.MyShiroRealm- 身份认证-->User{uid='e9583a3d-39c1-44d2-b600-b89763da7a16', username='admin', name='管理员', password='a3026ea7e4f35083b195354eccabc852', salt='b9d11b3be25f5a1a7dc8ca04cd310b28', state='1'}
 2020/04/02-11:11:00 [http-nio-8080-exec-10] INFO  com.share.wxerp.service.serviceImpl.RoleServiceImpl- 进入userService add:admin
 2020/04/02-11:11:00 [http-nio-8080-exec-10] DEBUG com.share.wxerp.mapper.UserMapper.selectOne- ==>  Preparing: SELECT uid,username,name,password,salt,state FROM ERP_user WHERE username = ? AND password = ? 
 2020/04/02-11:11:00 [http-nio-8080-exec-10] DEBUG com.share.wxerp.mapper.UserMapper.selectOne- ==> Parameters: admin(String), a3026ea7e4f35083b195354eccabc852(String)
 2020/04/02-11:11:00 [http-nio-8080-exec-10] TRACE com.share.wxerp.mapper.UserMapper.selectOne- <==    Columns: uid, username, name, password, salt, state
 2020/04/02-11:11:00 [http-nio-8080-exec-10] TRACE com.share.wxerp.mapper.UserMapper.selectOne- <==        Row: e9583a3d-39c1-44d2-b600-b89763da7a16, admin, 管理员, a3026ea7e4f35083b195354eccabc852, b9d11b3be25f5a1a7dc8ca04cd310b28, 1
 2020/04/02-11:11:00 [http-nio-8080-exec-10] DEBUG com.share.wxerp.mapper.UserMapper.selectOne- <==      Total: 1
 2020/04/02-11:11:00 [http-nio-8080-exec-10] INFO  com.share.wxerp.service.serviceImpl.RoleServiceImpl- userService add:用户查询成功
 2020/04/02-11:11:00 [http-nio-8080-exec-10] INFO  com.share.wxerp.controller.UserControl- :com.share.wxerp.common.GlobalResult@3f346b7bnull
 2020/04/02-11:19:27 [http-nio-8080-exec-6] INFO  com.share.wxerp.controller.UserControl- 进入UserControlalogin
 2020/04/02-11:19:27 [http-nio-8080-exec-6] INFO  com.share.wxerp.config.MyShiroRealm- 身份认证-->MyShiroRealm.doGetAuthenticationInfo()
 2020/04/02-11:19:27 [http-nio-8080-exec-6] DEBUG com.share.wxerp.mapper.UserMapper.selectOne- ==>  Preparing: SELECT uid,username,name,password,salt,state FROM ERP_user WHERE username = ? 
 2020/04/02-11:19:27 [http-nio-8080-exec-6] DEBUG com.share.wxerp.mapper.UserMapper.selectOne- ==> Parameters: admin(String)
 2020/04/02-11:19:27 [http-nio-8080-exec-6] TRACE com.share.wxerp.mapper.UserMapper.selectOne- <==    Columns: uid, username, name, password, salt, state
 2020/04/02-11:19:27 [http-nio-8080-exec-6] TRACE com.share.wxerp.mapper.UserMapper.selectOne- <==        Row: e9583a3d-39c1-44d2-b600-b89763da7a16, admin, 管理员, a3026ea7e4f35083b195354eccabc852, b9d11b3be25f5a1a7dc8ca04cd310b28, 1
 2020/04/02-11:19:27 [http-nio-8080-exec-6] DEBUG com.share.wxerp.mapper.UserMapper.selectOne- <==      Total: 1
 2020/04/02-11:19:27 [http-nio-8080-exec-6] INFO  com.share.wxerp.config.MyShiroRealm- 身份认证-->User{uid='e9583a3d-39c1-44d2-b600-b89763da7a16', username='admin', name='管理员', password='a3026ea7e4f35083b195354eccabc852', salt='b9d11b3be25f5a1a7dc8ca04cd310b28', state='1'}
 2020/04/02-11:19:27 [http-nio-8080-exec-6] INFO  com.share.wxerp.service.serviceImpl.RoleServiceImpl- 进入userService add:admin
 2020/04/02-11:19:27 [http-nio-8080-exec-6] DEBUG com.share.wxerp.mapper.UserMapper.selectOne- ==>  Preparing: SELECT uid,username,name,password,salt,state FROM ERP_user WHERE username = ? AND password = ? 
 2020/04/02-11:19:27 [http-nio-8080-exec-6] DEBUG com.share.wxerp.mapper.UserMapper.selectOne- ==> Parameters: admin(String), a3026ea7e4f35083b195354eccabc852(String)
 2020/04/02-11:19:27 [http-nio-8080-exec-6] TRACE com.share.wxerp.mapper.UserMapper.selectOne- <==    Columns: uid, username, name, password, salt, state
 2020/04/02-11:19:27 [http-nio-8080-exec-6] TRACE com.share.wxerp.mapper.UserMapper.selectOne- <==        Row: e9583a3d-39c1-44d2-b600-b89763da7a16, admin, 管理员, a3026ea7e4f35083b195354eccabc852, b9d11b3be25f5a1a7dc8ca04cd310b28, 1
 2020/04/02-11:19:27 [http-nio-8080-exec-6] DEBUG com.share.wxerp.mapper.UserMapper.selectOne- <==      Total: 1
 2020/04/02-11:19:27 [http-nio-8080-exec-6] INFO  com.share.wxerp.service.serviceImpl.RoleServiceImpl- userService add:用户查询成功
 2020/04/02-11:19:27 [http-nio-8080-exec-6] INFO  com.share.wxerp.controller.UserControl- :com.share.wxerp.common.GlobalResult@6c060b44null
 2020/04/02-11:20:18 [http-nio-8080-exec-4] INFO  com.share.wxerp.controller.UserControl- 进入UserControlalogin
 2020/04/02-11:20:18 [http-nio-8080-exec-4] INFO  com.share.wxerp.config.MyShiroRealm- 身份认证-->MyShiroRealm.doGetAuthenticationInfo()
 2020/04/02-11:20:18 [http-nio-8080-exec-4] DEBUG com.share.wxerp.mapper.UserMapper.selectOne- ==>  Preparing: SELECT uid,username,name,password,salt,state FROM ERP_user WHERE username = ? 
 2020/04/02-11:20:18 [http-nio-8080-exec-4] DEBUG com.share.wxerp.mapper.UserMapper.selectOne- ==> Parameters: admin(String)
 2020/04/02-11:20:18 [http-nio-8080-exec-4] TRACE com.share.wxerp.mapper.UserMapper.selectOne- <==    Columns: uid, username, name, password, salt, state
 2020/04/02-11:20:18 [http-nio-8080-exec-4] TRACE com.share.wxerp.mapper.UserMapper.selectOne- <==        Row: e9583a3d-39c1-44d2-b600-b89763da7a16, admin, 管理员, a3026ea7e4f35083b195354eccabc852, b9d11b3be25f5a1a7dc8ca04cd310b28, 1
 2020/04/02-11:20:18 [http-nio-8080-exec-4] DEBUG com.share.wxerp.mapper.UserMapper.selectOne- <==      Total: 1
 2020/04/02-11:20:18 [http-nio-8080-exec-4] INFO  com.share.wxerp.config.MyShiroRealm- 身份认证-->User{uid='e9583a3d-39c1-44d2-b600-b89763da7a16', username='admin', name='管理员', password='a3026ea7e4f35083b195354eccabc852', salt='b9d11b3be25f5a1a7dc8ca04cd310b28', state='1'}
 2020/04/02-11:20:18 [http-nio-8080-exec-4] INFO  com.share.wxerp.service.serviceImpl.RoleServiceImpl- 进入userService add:admin
 2020/04/02-11:20:18 [http-nio-8080-exec-4] DEBUG com.share.wxerp.mapper.UserMapper.selectOne- ==>  Preparing: SELECT uid,username,name,password,salt,state FROM ERP_user WHERE username = ? AND password = ? 
 2020/04/02-11:20:18 [http-nio-8080-exec-4] DEBUG com.share.wxerp.mapper.UserMapper.selectOne- ==> Parameters: admin(String), a3026ea7e4f35083b195354eccabc852(String)
 2020/04/02-11:20:18 [http-nio-8080-exec-4] TRACE com.share.wxerp.mapper.UserMapper.selectOne- <==    Columns: uid, username, name, password, salt, state
 2020/04/02-11:20:18 [http-nio-8080-exec-4] TRACE com.share.wxerp.mapper.UserMapper.selectOne- <==        Row: e9583a3d-39c1-44d2-b600-b89763da7a16, admin, 管理员, a3026ea7e4f35083b195354eccabc852, b9d11b3be25f5a1a7dc8ca04cd310b28, 1
 2020/04/02-11:20:18 [http-nio-8080-exec-4] DEBUG com.share.wxerp.mapper.UserMapper.selectOne- <==      Total: 1
 2020/04/02-11:20:18 [http-nio-8080-exec-4] INFO  com.share.wxerp.service.serviceImpl.RoleServiceImpl- userService add:用户查询成功
 2020/04/02-11:20:18 [http-nio-8080-exec-4] INFO  com.share.wxerp.controller.UserControl- :com.share.wxerp.common.GlobalResult@3043dcb5null
 2020/04/02-13:59:44 [HikariPool-1 housekeeper] WARN  com.zaxxer.hikari.pool.HikariPool- HikariPool-1 - Thread starvation or clock leap detected (housekeeper delta=1h6m25s560ms639µs139ns).
 2020/04/02-14:07:18 [http-nio-8080-exec-7] INFO  com.share.wxerp.controller.UserControl- 进入UserControlalogin
 2020/04/02-14:07:18 [http-nio-8080-exec-7] INFO  com.share.wxerp.config.MyShiroRealm- 身份认证-->MyShiroRealm.doGetAuthenticationInfo()
 2020/04/02-14:07:18 [http-nio-8080-exec-7] DEBUG com.share.wxerp.mapper.UserMapper.selectOne- ==>  Preparing: SELECT uid,username,name,password,salt,state FROM ERP_user WHERE username = ? 
 2020/04/02-14:07:18 [http-nio-8080-exec-7] DEBUG com.share.wxerp.mapper.UserMapper.selectOne- ==> Parameters: admin(String)
 2020/04/02-14:07:18 [http-nio-8080-exec-7] TRACE com.share.wxerp.mapper.UserMapper.selectOne- <==    Columns: uid, username, name, password, salt, state
 2020/04/02-14:07:18 [http-nio-8080-exec-7] TRACE com.share.wxerp.mapper.UserMapper.selectOne- <==        Row: e9583a3d-39c1-44d2-b600-b89763da7a16, admin, 管理员, a3026ea7e4f35083b195354eccabc852, b9d11b3be25f5a1a7dc8ca04cd310b28, 1
 2020/04/02-14:07:18 [http-nio-8080-exec-7] DEBUG com.share.wxerp.mapper.UserMapper.selectOne- <==      Total: 1
 2020/04/02-14:07:18 [http-nio-8080-exec-7] INFO  com.share.wxerp.config.MyShiroRealm- 身份认证-->User{uid='e9583a3d-39c1-44d2-b600-b89763da7a16', username='admin', name='管理员', password='a3026ea7e4f35083b195354eccabc852', salt='b9d11b3be25f5a1a7dc8ca04cd310b28', state='1'}
 2020/04/02-14:07:18 [http-nio-8080-exec-7] INFO  com.share.wxerp.controller.UserControl- :com.share.wxerp.common.GlobalResult@78307c39IncorrectCredentialsException -- > 密码不正确：
 2020/04/02-14:07:22 [http-nio-8080-exec-5] INFO  com.share.wxerp.controller.UserControl- 进入UserControlalogin
 2020/04/02-14:07:22 [http-nio-8080-exec-5] INFO  com.share.wxerp.config.MyShiroRealm- 身份认证-->MyShiroRealm.doGetAuthenticationInfo()
 2020/04/02-14:07:22 [http-nio-8080-exec-5] DEBUG com.share.wxerp.mapper.UserMapper.selectOne- ==>  Preparing: SELECT uid,username,name,password,salt,state FROM ERP_user WHERE username = ? 
 2020/04/02-14:07:22 [http-nio-8080-exec-5] DEBUG com.share.wxerp.mapper.UserMapper.selectOne- ==> Parameters: admin(String)
 2020/04/02-14:07:22 [http-nio-8080-exec-5] TRACE com.share.wxerp.mapper.UserMapper.selectOne- <==    Columns: uid, username, name, password, salt, state
 2020/04/02-14:07:22 [http-nio-8080-exec-5] TRACE com.share.wxerp.mapper.UserMapper.selectOne- <==        Row: e9583a3d-39c1-44d2-b600-b89763da7a16, admin, 管理员, a3026ea7e4f35083b195354eccabc852, b9d11b3be25f5a1a7dc8ca04cd310b28, 1
 2020/04/02-14:07:22 [http-nio-8080-exec-5] DEBUG com.share.wxerp.mapper.UserMapper.selectOne- <==      Total: 1
 2020/04/02-14:07:22 [http-nio-8080-exec-5] INFO  com.share.wxerp.config.MyShiroRealm- 身份认证-->User{uid='e9583a3d-39c1-44d2-b600-b89763da7a16', username='admin', name='管理员', password='a3026ea7e4f35083b195354eccabc852', salt='b9d11b3be25f5a1a7dc8ca04cd310b28', state='1'}
 2020/04/02-14:07:22 [http-nio-8080-exec-5] INFO  com.share.wxerp.controller.UserControl- :com.share.wxerp.common.GlobalResult@11dcbbeaIncorrectCredentialsException -- > 密码不正确：
 2020/04/02-14:08:24 [http-nio-8080-exec-2] INFO  com.share.wxerp.controller.UserControl- 进入UserControlalogin
 2020/04/02-14:08:24 [http-nio-8080-exec-2] INFO  com.share.wxerp.config.MyShiroRealm- 身份认证-->MyShiroRealm.doGetAuthenticationInfo()
 2020/04/02-14:08:24 [http-nio-8080-exec-2] DEBUG com.share.wxerp.mapper.UserMapper.selectOne- ==>  Preparing: SELECT uid,username,name,password,salt,state FROM ERP_user WHERE username = ? 
 2020/04/02-14:08:24 [http-nio-8080-exec-2] DEBUG com.share.wxerp.mapper.UserMapper.selectOne- ==> Parameters: admin(String)
 2020/04/02-14:08:24 [http-nio-8080-exec-2] TRACE com.share.wxerp.mapper.UserMapper.selectOne- <==    Columns: uid, username, name, password, salt, state
 2020/04/02-14:08:24 [http-nio-8080-exec-2] TRACE com.share.wxerp.mapper.UserMapper.selectOne- <==        Row: e9583a3d-39c1-44d2-b600-b89763da7a16, admin, 管理员, a3026ea7e4f35083b195354eccabc852, b9d11b3be25f5a1a7dc8ca04cd310b28, 1
 2020/04/02-14:08:24 [http-nio-8080-exec-2] DEBUG com.share.wxerp.mapper.UserMapper.selectOne- <==      Total: 1
 2020/04/02-14:08:24 [http-nio-8080-exec-2] INFO  com.share.wxerp.config.MyShiroRealm- 身份认证-->User{uid='e9583a3d-39c1-44d2-b600-b89763da7a16', username='admin', name='管理员', password='a3026ea7e4f35083b195354eccabc852', salt='b9d11b3be25f5a1a7dc8ca04cd310b28', state='1'}
 2020/04/02-14:08:24 [http-nio-8080-exec-2] INFO  com.share.wxerp.service.serviceImpl.RoleServiceImpl- 进入userService add:admin
 2020/04/02-14:08:24 [http-nio-8080-exec-2] DEBUG com.share.wxerp.mapper.UserMapper.selectOne- ==>  Preparing: SELECT uid,username,name,password,salt,state FROM ERP_user WHERE username = ? AND password = ? 
 2020/04/02-14:08:24 [http-nio-8080-exec-2] DEBUG com.share.wxerp.mapper.UserMapper.selectOne- ==> Parameters: admin(String), a3026ea7e4f35083b195354eccabc852(String)
 2020/04/02-14:08:24 [http-nio-8080-exec-2] TRACE com.share.wxerp.mapper.UserMapper.selectOne- <==    Columns: uid, username, name, password, salt, state
 2020/04/02-14:08:24 [http-nio-8080-exec-2] TRACE com.share.wxerp.mapper.UserMapper.selectOne- <==        Row: e9583a3d-39c1-44d2-b600-b89763da7a16, admin, 管理员, a3026ea7e4f35083b195354eccabc852, b9d11b3be25f5a1a7dc8ca04cd310b28, 1
 2020/04/02-14:08:24 [http-nio-8080-exec-2] DEBUG com.share.wxerp.mapper.UserMapper.selectOne- <==      Total: 1
 2020/04/02-14:08:24 [http-nio-8080-exec-2] INFO  com.share.wxerp.service.serviceImpl.RoleServiceImpl- userService add:用户查询成功
 2020/04/02-14:08:24 [http-nio-8080-exec-2] INFO  com.share.wxerp.controller.UserControl- :com.share.wxerp.common.GlobalResult@197c5e0cnull
 2020/04/02-15:05:40 [http-nio-8080-exec-10] INFO  com.share.wxerp.controller.UserControl- 进入UserControlalogin
 2020/04/02-15:05:40 [http-nio-8080-exec-10] INFO  com.share.wxerp.config.MyShiroRealm- 身份认证-->MyShiroRealm.doGetAuthenticationInfo()
 2020/04/02-15:05:40 [http-nio-8080-exec-10] DEBUG com.share.wxerp.mapper.UserMapper.selectOne- ==>  Preparing: SELECT uid,username,name,password,salt,state FROM ERP_user WHERE username = ? 
 2020/04/02-15:05:40 [http-nio-8080-exec-10] DEBUG com.share.wxerp.mapper.UserMapper.selectOne- ==> Parameters: admin(String)
 2020/04/02-15:05:40 [http-nio-8080-exec-10] TRACE com.share.wxerp.mapper.UserMapper.selectOne- <==    Columns: uid, username, name, password, salt, state
 2020/04/02-15:05:40 [http-nio-8080-exec-10] TRACE com.share.wxerp.mapper.UserMapper.selectOne- <==        Row: e9583a3d-39c1-44d2-b600-b89763da7a16, admin, 管理员, a3026ea7e4f35083b195354eccabc852, b9d11b3be25f5a1a7dc8ca04cd310b28, 1
 2020/04/02-15:05:40 [http-nio-8080-exec-10] DEBUG com.share.wxerp.mapper.UserMapper.selectOne- <==      Total: 1
 2020/04/02-15:05:40 [http-nio-8080-exec-10] INFO  com.share.wxerp.config.MyShiroRealm- 身份认证-->User{uid='e9583a3d-39c1-44d2-b600-b89763da7a16', username='admin', name='管理员', password='a3026ea7e4f35083b195354eccabc852', salt='b9d11b3be25f5a1a7dc8ca04cd310b28', state='1'}
 2020/04/02-15:05:40 [http-nio-8080-exec-10] INFO  com.share.wxerp.service.serviceImpl.RoleServiceImpl- 进入userService add:admin
 2020/04/02-15:05:40 [http-nio-8080-exec-10] DEBUG com.share.wxerp.mapper.UserMapper.selectOne- ==>  Preparing: SELECT uid,username,name,password,salt,state FROM ERP_user WHERE username = ? AND password = ? 
 2020/04/02-15:05:40 [http-nio-8080-exec-10] DEBUG com.share.wxerp.mapper.UserMapper.selectOne- ==> Parameters: admin(String), a3026ea7e4f35083b195354eccabc852(String)
 2020/04/02-15:05:40 [http-nio-8080-exec-10] TRACE com.share.wxerp.mapper.UserMapper.selectOne- <==    Columns: uid, username, name, password, salt, state
 2020/04/02-15:05:40 [http-nio-8080-exec-10] TRACE com.share.wxerp.mapper.UserMapper.selectOne- <==        Row: e9583a3d-39c1-44d2-b600-b89763da7a16, admin, 管理员, a3026ea7e4f35083b195354eccabc852, b9d11b3be25f5a1a7dc8ca04cd310b28, 1
 2020/04/02-15:05:40 [http-nio-8080-exec-10] DEBUG com.share.wxerp.mapper.UserMapper.selectOne- <==      Total: 1
 2020/04/02-15:05:40 [http-nio-8080-exec-10] INFO  com.share.wxerp.service.serviceImpl.RoleServiceImpl- userService add:用户查询成功
 2020/04/02-15:05:40 [http-nio-8080-exec-10] INFO  com.share.wxerp.controller.UserControl- :com.share.wxerp.common.GlobalResult@caf3275null
 2020/04/02-15:20:43 [http-nio-8080-exec-6] INFO  com.share.wxerp.controller.UserControl- 进入UserControlalogin
 2020/04/02-15:20:43 [http-nio-8080-exec-6] INFO  com.share.wxerp.config.MyShiroRealm- 身份认证-->MyShiroRealm.doGetAuthenticationInfo()
 2020/04/02-15:20:43 [http-nio-8080-exec-6] DEBUG com.share.wxerp.mapper.UserMapper.selectOne- ==>  Preparing: SELECT uid,username,name,password,salt,state FROM ERP_user WHERE username = ? 
 2020/04/02-15:20:43 [http-nio-8080-exec-6] DEBUG com.share.wxerp.mapper.UserMapper.selectOne- ==> Parameters: admin(String)
 2020/04/02-15:20:43 [http-nio-8080-exec-6] TRACE com.share.wxerp.mapper.UserMapper.selectOne- <==    Columns: uid, username, name, password, salt, state
 2020/04/02-15:20:43 [http-nio-8080-exec-6] TRACE com.share.wxerp.mapper.UserMapper.selectOne- <==        Row: e9583a3d-39c1-44d2-b600-b89763da7a16, admin, 管理员, a3026ea7e4f35083b195354eccabc852, b9d11b3be25f5a1a7dc8ca04cd310b28, 1
 2020/04/02-15:20:43 [http-nio-8080-exec-6] DEBUG com.share.wxerp.mapper.UserMapper.selectOne- <==      Total: 1
 2020/04/02-15:20:43 [http-nio-8080-exec-6] INFO  com.share.wxerp.config.MyShiroRealm- 身份认证-->User{uid='e9583a3d-39c1-44d2-b600-b89763da7a16', username='admin', name='管理员', password='a3026ea7e4f35083b195354eccabc852', salt='b9d11b3be25f5a1a7dc8ca04cd310b28', state='1'}
 2020/04/02-15:20:43 [http-nio-8080-exec-6] INFO  com.share.wxerp.service.serviceImpl.RoleServiceImpl- 进入userService add:admin
 2020/04/02-15:20:43 [http-nio-8080-exec-6] DEBUG com.share.wxerp.mapper.UserMapper.selectOne- ==>  Preparing: SELECT uid,username,name,password,salt,state FROM ERP_user WHERE username = ? AND password = ? 
 2020/04/02-15:20:43 [http-nio-8080-exec-6] DEBUG com.share.wxerp.mapper.UserMapper.selectOne- ==> Parameters: admin(String), a3026ea7e4f35083b195354eccabc852(String)
 2020/04/02-15:20:43 [http-nio-8080-exec-6] TRACE com.share.wxerp.mapper.UserMapper.selectOne- <==    Columns: uid, username, name, password, salt, state
 2020/04/02-15:20:43 [http-nio-8080-exec-6] TRACE com.share.wxerp.mapper.UserMapper.selectOne- <==        Row: e9583a3d-39c1-44d2-b600-b89763da7a16, admin, 管理员, a3026ea7e4f35083b195354eccabc852, b9d11b3be25f5a1a7dc8ca04cd310b28, 1
 2020/04/02-15:20:43 [http-nio-8080-exec-6] DEBUG com.share.wxerp.mapper.UserMapper.selectOne- <==      Total: 1
 2020/04/02-15:20:43 [http-nio-8080-exec-6] INFO  com.share.wxerp.service.serviceImpl.RoleServiceImpl- userService add:用户查询成功
 2020/04/02-15:20:43 [http-nio-8080-exec-6] INFO  com.share.wxerp.controller.UserControl- :com.share.wxerp.common.GlobalResult@ded807cnull
 